<?xml version="1.0" encoding="UTF-8"?>
<!DOCTYPE coverage SYSTEM "http://cobertura.sourceforge.net/xml/coverage-04.dtd">
<coverage line-rate="1" branch-rate="1" lines-covered="54" lines-valid="54" branches-covered="35" branches-valid="35" complexity="20" version="0.4" timestamp="1756882475">
  <sources>
    <source>/app/src/Purchase</source>
  </sources>
  <packages>
    <package name="Fixer.php" line-rate="1" branch-rate="1" complexity="20">
      <classes>
        <class name="App\Purchase\Fixer" filename="Fixer.php" line-rate="1" branch-rate="1" complexity="8">
          <methods>
            <method name="fix" signature="ItemHotel $itemHotel, float $amount" line-rate="1" branch-rate="1" complexity="2">
              <lines>
                <line number="25" hits="1"/>
                <line number="26" hits="1"/>
                <line number="28" hits="1"/>
              </lines>
            </method>
            <method name="fixCharges" signature="ItemHotel $itemHotel, float $amount" line-rate="1" branch-rate="1" complexity="4">
              <lines>
                <line number="33" hits="1"/>
                <line number="35" hits="1"/>
              </lines>
            </method>
            <method name="fixPrice" signature="ItemHotel $itemHotel, float $amount" line-rate="1" branch-rate="1" complexity="2">
              <lines>
                <line number="40" hits="1"/>
                <line number="42" hits="1"/>
                <line number="44" hits="1"/>
                <line number="45" hits="1"/>
                <line number="46" hits="1"/>
                <line number="47" hits="1"/>
                <line number="48" hits="1"/>
                <line number="49" hits="1"/>
                <line number="50" hits="1"/>
                <line number="51" hits="1"/>
                <line number="52" hits="1"/>
                <line number="53" hits="1"/>
                <line number="54" hits="1"/>
                <line number="55" hits="1"/>
                <line number="56" hits="1"/>
              </lines>
            </method>
          </methods>
          <lines>
            <line number="25" hits="1"/>
            <line number="26" hits="1"/>
            <line number="28" hits="1"/>
            <line number="33" hits="1"/>
            <line number="35" hits="1"/>
            <line number="40" hits="1"/>
            <line number="42" hits="1"/>
            <line number="44" hits="1"/>
            <line number="45" hits="1"/>
            <line number="46" hits="1"/>
            <line number="47" hits="1"/>
            <line number="48" hits="1"/>
            <line number="49" hits="1"/>
            <line number="50" hits="1"/>
            <line number="51" hits="1"/>
            <line number="52" hits="1"/>
            <line number="53" hits="1"/>
            <line number="54" hits="1"/>
            <line number="55" hits="1"/>
            <line number="56" hits="1"/>
            <line number="77" hits="1"/>
            <line number="78" hits="1"/>
            <line number="79" hits="1"/>
            <line number="80" hits="1"/>
            <line number="81" hits="1"/>
            <line number="82" hits="1"/>
            <line number="84" hits="1"/>
            <line number="85" hits="1"/>
            <line number="86" hits="1"/>
            <line number="87" hits="1"/>
            <line number="89" hits="1"/>
            <line number="90" hits="1"/>
            <line number="93" hits="1"/>
            <line number="96" hits="1"/>
            <line number="98" hits="1"/>
            <line number="99" hits="1"/>
            <line number="112" hits="1"/>
            <line number="113" hits="1"/>
            <line number="115" hits="1"/>
            <line number="116" hits="1"/>
            <line number="117" hits="1"/>
            <line number="129" hits="1"/>
            <line number="130" hits="1"/>
            <line number="131" hits="1"/>
            <line number="132" hits="1"/>
            <line number="134" hits="1"/>
            <line number="135" hits="1"/>
            <line number="136" hits="1"/>
            <line number="137" hits="1"/>
            <line number="139" hits="1"/>
            <line number="140" hits="1"/>
            <line number="143" hits="1"/>
            <line number="155" hits="1"/>
            <line number="156" hits="1"/>
          </lines>
        </class>
      </classes>
    </package>
  </packages>
</coverage>
