<?xml version="1.0" encoding="UTF-8"?>
<!DOCTYPE coverage SYSTEM "http://cobertura.sourceforge.net/xml/coverage-04.dtd">
<coverage line-rate="1" branch-rate="1" lines-covered="54" lines-valid="54" branches-covered="35" branches-valid="35" complexity="20" version="0.4" timestamp="1756882475">
  <sources>
    <source>/app/src/Purchase</source>
  </sources>
  <packages>
    <package name="Fixer.php" line-rate="1" branch-rate="1" complexity="20">
      <classes>
        <class name="App\Purchase\Parser" filename="Fixer.php" line-rate="0.5" branch-rate="0.4" complexity="1">
          <methods>
            <method name="parse" signature="ItemHotel $itemHotel, float $amount" line-rate="0.5" branch-rate="0.4" complexity="2">
              <lines>
                <line number="25" hits="1"/>
                <line number="26" hits="1"/>
                <line number="28" hits="1"/>
              </lines>
            </method>
          </methods>
        </class>
      </classes>
    </package>
  </packages>
</coverage>
